2023-05-15 18:10:23 Starting price-scheduler.bat main loop.
2023-05-15 18:10:24 Price threshold is 0.0300 and rank threshold is 2.
2023-05-15 18:10:24 Updating Json file TodayAndDayforward.json successfull. File size 6176 bytes.
2023-05-15 18:10:26 [price 0.0216, rank 16] Started program C:\Ohjelmatiedostot\Miners\hodlminer2018v3\POOL-run - Solo Mining 2nd address.bat
2023-05-15 19:00:04 Updating Json file TodayAndDayforward.json successfull. File size 6176 bytes.
2023-05-15 19:00:05 [price 0.0996, rank 21] Stopped process hodlminer-avx2.exe
2023-05-15 20:00:27 Updating Json file TodayAndDayforward.json successfull. File size 6176 bytes.
2023-05-15 20:00:27 [price 0.0236, rank 18] Started program C:\Ohjelmatiedostot\Miners\hodlminer2018v3\POOL-run - Solo Mining 2nd address.bat
2023-05-15 21:00:11 Updating Json file TodayAndDayforward.json successfull. File size 6176 bytes.
2023-05-15 22:00:03 Updating Json file TodayAndDayforward.json successfull. File size 6176 bytes.
2023-06-11 10:52:42 Starting price-scheduler.bat main loop.
2023-06-11 10:52:42 Price threshold is 0.0300 and rank threshold is 2.
2023-06-11 10:52:43 Updating Json file TodayAndDayforward.json successfull. File size 3096 bytes.
2023-06-11 10:52:44 [price 0.0197, rank 20] Started program C:\Ohjelmatiedostot\Miners\hodlminer2018v3\POOL-run - Solo Mining 2nd address.bat
2023-06-11 11:00:25 Updating Json file TodayAndDayforward.json successfull. File size 3096 bytes.
2023-06-11 12:00:27 Updating Json file TodayAndDayforward.json successfull. File size 3096 bytes.
2023-06-11 12:00:27 Getting price failed.
2023-06-11 12:00:28 [price 999, rank 5] Stopped process hodlminer-avx2.exe
2023-06-11 12:00:58 Getting price failed.
2023-06-11 12:01:29 Getting price failed.
2023-06-11 12:02:00 Getting price failed.
2023-06-11 12:02:32 Getting price failed.
2023-06-11 12:03:02 Getting price failed.
2023-06-11 12:03:33 Getting price failed.
2023-06-11 12:04:04 Getting price failed.
2023-06-11 12:04:35 Getting price failed.
2023-06-11 12:05:06 Getting price failed.
2023-06-11 12:05:38 Getting price failed.
2023-06-11 12:06:08 Getting price failed.
2023-06-11 12:06:40 Getting price failed.
2023-06-11 12:07:11 Getting price failed.
2023-06-11 12:07:42 Getting price failed.
2023-06-11 12:08:14 Getting price failed.
2023-06-11 12:08:44 Getting price failed.
2023-06-11 12:09:14 Getting price failed.
2023-06-11 12:09:45 Getting price failed.
2023-06-11 12:10:16 Getting price failed.
2023-06-11 12:10:47 Getting price failed.
2023-06-11 12:11:18 Getting price failed.
2023-06-11 12:11:49 Getting price failed.
2023-06-11 12:12:20 Getting price failed.
2023-06-11 12:12:51 Getting price failed.
2023-06-11 12:13:22 Getting price failed.
2023-06-11 12:13:53 Getting price failed.
2023-06-11 12:14:24 Getting price failed.
2023-06-11 12:14:55 Getting price failed.
2023-06-11 12:15:26 Getting price failed.
2023-06-11 12:15:57 Getting price failed.
2023-06-11 12:16:28 Getting price failed.
2023-06-11 12:16:58 Getting price failed.
2023-06-11 12:17:29 Getting price failed.
2023-06-11 12:18:00 Getting price failed.
2023-06-11 12:18:31 Getting price failed.
2023-06-11 12:19:02 Getting price failed.
2023-06-11 12:19:33 Getting price failed.
2023-06-11 12:20:04 Getting price failed.
2023-06-11 12:20:35 Getting price failed.
2023-06-11 12:21:06 Getting price failed.
2023-06-11 12:21:37 Getting price failed.
2023-06-11 12:22:07 Getting price failed.
2023-06-11 12:22:38 Getting price failed.
2023-06-11 12:23:09 Getting price failed.
2023-06-11 12:23:40 Getting price failed.
2023-06-11 12:24:11 Getting price failed.
2023-06-11 12:24:42 Getting price failed.
2023-06-11 12:25:13 Getting price failed.
2023-06-11 12:25:44 Getting price failed.
2023-06-11 12:26:15 Getting price failed.
2023-06-11 12:26:46 Getting price failed.
2023-06-11 12:27:17 Getting price failed.
2023-06-11 12:27:48 Getting price failed.
2023-06-11 12:28:19 Getting price failed.
2023-06-11 12:28:50 Getting price failed.
2023-06-11 12:29:21 Getting price failed.
2023-06-11 12:29:52 Getting price failed.
2023-06-11 12:30:22 Getting price failed.
2023-06-11 12:30:53 Getting price failed.
2023-06-11 12:31:24 Getting price failed.
2023-06-11 12:31:55 Getting price failed.
2023-06-11 12:32:26 Getting price failed.
2023-06-11 12:32:57 Getting price failed.
2023-06-11 12:33:28 Getting price failed.
2023-06-11 12:33:59 Getting price failed.
2023-06-11 12:34:30 Getting price failed.
2023-06-11 12:35:01 Getting price failed.
2023-06-11 12:35:32 Getting price failed.
2023-06-11 12:36:04 Getting price failed.
2023-06-11 12:36:34 Getting price failed.
2023-06-11 12:37:05 Getting price failed.
2023-06-11 12:37:36 Getting price failed.
2023-06-11 12:38:06 Getting price failed.
2023-06-11 12:38:38 Getting price failed.
2023-06-11 12:39:08 Getting price failed.
2023-06-11 12:39:39 Getting price failed.
2023-06-11 12:40:10 Getting price failed.
2023-06-11 12:40:42 Getting price failed.
2023-06-11 12:41:12 Getting price failed.
2023-06-11 12:41:43 Getting price failed.
2023-06-11 12:42:14 Getting price failed.
2023-06-11 12:42:45 Getting price failed.
2023-06-11 12:43:16 Getting price failed.
2023-06-11 12:43:47 Getting price failed.
2023-06-11 12:44:18 Getting price failed.
2023-06-11 12:44:49 Getting price failed.
2023-06-11 12:45:20 Getting price failed.
2023-06-11 12:45:51 Getting price failed.
2023-06-11 12:46:23 Getting price failed.
2023-06-11 12:46:53 Getting price failed.
2023-06-11 12:47:25 Getting price failed.
2023-06-11 12:47:55 Getting price failed.
2023-06-11 12:48:26 Getting price failed.
2023-06-11 12:48:57 Getting price failed.
2023-06-11 12:49:28 Getting price failed.
2023-06-11 12:49:59 Getting price failed.
2023-06-11 12:50:30 Getting price failed.
2023-06-11 12:51:01 Getting price failed.
2023-06-11 12:51:32 Getting price failed.
2023-06-11 12:52:03 Getting price failed.
2023-06-11 12:52:34 Getting price failed.
2023-06-11 12:53:05 Getting price failed.
2023-06-11 12:53:36 Getting price failed.
2023-06-11 12:54:07 Getting price failed.
2023-06-11 12:54:38 Getting price failed.
2023-06-11 12:55:08 Getting price failed.
2023-06-11 12:55:40 Getting price failed.
2023-06-11 12:56:11 Getting price failed.
2023-06-11 12:56:41 Getting price failed.
2023-06-11 12:57:12 Getting price failed.
2023-06-11 12:57:43 Getting price failed.
2023-06-11 12:58:14 Getting price failed.
2023-06-11 12:58:45 Getting price failed.
2023-06-11 12:59:17 Getting price failed.
2023-06-11 12:59:47 Getting price failed.
2023-06-11 13:00:19 Updating Json file TodayAndDayforward.json successfull. File size 3096 bytes.
2023-06-11 13:00:19 Getting price failed.
2023-06-11 13:00:49 Getting price failed.
2023-06-11 13:01:21 Getting price failed.
2023-06-11 13:01:51 Getting price failed.
2023-06-11 13:02:23 Getting price failed.
2023-06-11 13:02:54 Getting price failed.
2023-06-11 13:03:24 Getting price failed.
2023-06-11 13:03:54 Getting price failed.
2023-06-11 13:04:25 Getting price failed.
2023-06-11 13:04:57 Getting price failed.
2023-06-11 13:05:28 Getting price failed.
2023-06-11 13:05:58 Getting price failed.
2023-06-11 13:06:28 Getting price failed.
2023-06-11 13:06:59 Getting price failed.
2023-06-11 13:07:30 Getting price failed.
2023-06-11 13:08:01 Getting price failed.
2023-06-11 13:08:32 Getting price failed.
2023-06-11 13:09:02 Getting price failed.
2023-06-11 13:09:32 Getting price failed.
2023-06-11 13:10:03 Getting price failed.
2023-06-11 13:10:34 Getting price failed.
2023-06-11 13:11:05 Getting price failed.
2023-06-11 13:11:36 Getting price failed.
2023-06-11 13:12:07 Getting price failed.
2023-06-11 13:12:39 Getting price failed.
2023-06-11 13:13:09 Getting price failed.
2023-06-11 13:13:40 Getting price failed.
2023-06-11 13:14:11 Getting price failed.
2023-06-11 13:14:42 Getting price failed.
2023-06-11 13:15:14 Getting price failed.
2023-06-11 13:15:44 Getting price failed.
2023-06-11 13:16:16 Getting price failed.
2023-06-11 13:16:47 Getting price failed.
2023-06-11 13:17:17 Getting price failed.
2023-06-11 13:17:49 Getting price failed.
2023-06-11 13:18:19 Getting price failed.
2023-06-11 13:18:50 Getting price failed.
2023-06-11 13:19:21 Getting price failed.
2023-06-11 13:19:52 Getting price failed.
2023-06-11 13:20:23 Getting price failed.
2023-06-11 13:20:54 Getting price failed.
2023-06-11 13:21:25 Getting price failed.
2023-06-11 13:21:55 Getting price failed.
2023-06-11 13:22:26 Getting price failed.
2023-06-11 13:22:57 Getting price failed.
2023-06-11 13:23:28 Getting price failed.
2023-06-11 13:23:59 Getting price failed.
2023-06-11 13:24:29 Getting price failed.
2023-06-11 13:25:00 Getting price failed.
2023-06-11 13:25:31 Getting price failed.
2023-06-11 13:26:02 Getting price failed.
2023-06-11 13:26:32 Getting price failed.
2023-06-11 13:27:03 Getting price failed.
2023-06-11 13:27:34 Getting price failed.
2023-06-11 13:28:05 Getting price failed.
2023-06-11 13:28:35 Getting price failed.
2023-06-11 13:29:06 Getting price failed.
2023-06-11 13:29:37 Getting price failed.
2023-06-11 13:30:08 Getting price failed.
2023-06-11 13:30:38 Getting price failed.
2023-06-11 13:31:09 Getting price failed.
2023-06-11 13:31:39 Getting price failed.
2023-06-11 13:32:10 Getting price failed.
2023-06-11 13:32:41 Getting price failed.
2023-06-11 13:33:12 Getting price failed.
2023-06-11 13:33:43 Getting price failed.
2023-06-11 13:34:14 Getting price failed.
2023-06-11 13:34:44 Getting price failed.
2023-06-11 13:35:15 Getting price failed.
2023-06-11 13:35:46 Getting price failed.
2023-06-11 13:36:17 Getting price failed.
2023-06-11 13:36:48 Getting price failed.
2023-06-11 13:37:19 Getting price failed.
2023-06-11 13:37:50 Getting price failed.
2023-06-11 13:38:22 Getting price failed.
2023-06-11 13:38:52 Getting price failed.
2023-06-11 13:39:22 Getting price failed.
2023-06-11 13:39:53 Getting price failed.
2023-06-11 13:40:24 Getting price failed.
2023-06-11 13:40:56 Getting price failed.
2023-06-11 13:41:26 Getting price failed.
2023-06-11 13:41:57 Getting price failed.
2023-06-11 13:42:28 Getting price failed.
2023-06-11 13:42:59 Getting price failed.
2023-06-11 13:43:30 Getting price failed.
2023-06-11 13:44:02 Getting price failed.
2023-06-11 13:44:32 Getting price failed.
2023-06-11 13:45:04 Getting price failed.
2023-06-11 13:45:35 Getting price failed.
2023-06-11 13:46:05 Getting price failed.
2023-06-11 13:46:36 Getting price failed.
2023-06-11 13:47:07 Getting price failed.
2023-06-11 13:47:39 Getting price failed.
2023-06-11 13:48:09 Getting price failed.
2023-06-11 13:48:41 Getting price failed.
2023-06-11 13:49:11 Getting price failed.
2023-06-11 13:49:42 Getting price failed.
2023-06-11 13:50:13 Getting price failed.
2023-06-11 13:50:44 Getting price failed.
2023-06-11 13:51:16 Getting price failed.
2023-06-11 13:51:47 Getting price failed.
2023-06-11 13:52:17 Getting price failed.
2023-06-11 13:52:48 Getting price failed.
2023-06-11 13:53:19 Getting price failed.
2023-06-11 13:53:50 Getting price failed.
2023-06-11 13:54:20 Getting price failed.
2023-06-11 13:54:51 Getting price failed.
2023-06-11 13:55:22 Getting price failed.
2023-06-11 13:55:53 Getting price failed.
2023-06-11 13:56:24 Getting price failed.
2023-06-11 13:56:55 Getting price failed.
2023-06-11 13:57:26 Getting price failed.
2023-06-11 13:57:57 Getting price failed.
2023-06-11 13:58:28 Getting price failed.
2023-06-11 13:58:59 Getting price failed.
2023-06-11 13:59:30 Getting price failed.
2023-06-11 14:00:02 Updating Json file TodayAndDayforward.json successfull. File size 3096 bytes.
2023-06-11 14:00:02 Getting price failed.
2023-06-11 14:00:03 [price 999, rank 2] Started program C:\Ohjelmatiedostot\Miners\hodlminer2018v3\POOL-run - Solo Mining 2nd address.bat
2023-06-11 14:00:33 Getting price failed.
2023-06-11 14:01:04 Getting price failed.
2023-06-11 14:01:35 Getting price failed.
2023-06-11 14:02:06 Getting price failed.
2023-06-11 14:02:37 Getting price failed.
2023-06-11 14:03:08 Getting price failed.
2023-06-11 14:03:39 Getting price failed.
2023-06-11 14:04:10 Getting price failed.
2023-06-11 14:04:41 Getting price failed.
2023-06-11 14:05:12 Getting price failed.
2023-06-11 14:05:43 Getting price failed.
2023-06-11 14:06:14 Getting price failed.
2023-06-11 14:06:45 Getting price failed.
2023-06-11 14:07:16 Getting price failed.
2023-06-11 14:07:47 Getting price failed.
2023-06-11 14:08:18 Getting price failed.
2023-06-11 14:08:49 Getting price failed.
2023-06-11 14:09:20 Getting price failed.
2023-06-11 14:09:51 Getting price failed.
2023-06-11 14:10:22 Getting price failed.
2023-06-11 14:10:53 Getting price failed.
2023-06-11 14:11:24 Getting price failed.
2023-06-11 14:11:55 Getting price failed.
2023-06-11 14:12:26 Getting price failed.
2023-06-11 14:12:58 Getting price failed.
2023-06-11 14:13:28 Getting price failed.
2023-06-11 14:13:59 Getting price failed.
2023-06-11 14:14:30 Getting price failed.
2023-06-11 14:15:00 Getting price failed.
2023-06-11 14:15:32 Getting price failed.
2023-06-11 14:16:02 Getting price failed.
2023-06-11 14:16:33 Getting price failed.
2023-06-11 14:17:05 Getting price failed.
2023-06-11 14:17:36 Getting price failed.
2023-06-11 14:18:07 Getting price failed.
2023-06-11 14:18:37 Getting price failed.
2023-06-11 14:19:08 Getting price failed.
2023-06-11 14:19:39 Getting price failed.
2023-06-11 14:20:11 Getting price failed.
2023-06-11 14:20:41 Getting price failed.
2023-06-11 14:21:12 Getting price failed.
2023-06-11 14:21:44 Getting price failed.
2023-06-11 14:22:15 Getting price failed.
2023-06-11 14:22:45 Getting price failed.
2023-06-11 14:23:16 Getting price failed.
2023-06-11 14:23:47 Getting price failed.
2023-06-11 14:24:18 Getting price failed.
2023-06-11 14:24:49 Getting price failed.
2023-06-11 14:25:20 Getting price failed.
2023-06-11 14:25:51 Getting price failed.
2023-06-11 14:26:22 Getting price failed.
2023-06-11 14:26:52 Getting price failed.
2023-06-11 14:27:23 Getting price failed.
2023-06-11 14:27:54 Getting price failed.
2023-06-11 14:28:25 Getting price failed.
2023-06-11 14:28:56 Getting price failed.
2023-06-11 14:29:27 Getting price failed.
2023-06-11 14:29:59 Getting price failed.
2023-06-11 14:30:29 Getting price failed.
2023-06-11 14:31:00 Getting price failed.
2023-06-11 14:31:31 Getting price failed.
2023-06-11 14:32:02 Getting price failed.
2023-06-11 14:32:33 Getting price failed.
2023-06-11 14:33:05 Getting price failed.
2023-06-11 14:33:35 Getting price failed.
2023-06-11 14:34:07 Getting price failed.
2023-06-11 14:34:37 Getting price failed.
2023-06-11 14:35:08 Getting price failed.
2023-06-11 14:35:39 Getting price failed.
2023-06-11 14:36:10 Getting price failed.
2023-06-11 14:36:41 Getting price failed.
2023-06-11 14:37:12 Getting price failed.
2023-06-11 14:37:43 Getting price failed.
2023-06-11 14:38:14 Getting price failed.
2023-06-11 14:38:45 Getting price failed.
2023-06-11 14:39:16 Getting price failed.
2023-06-11 14:39:47 Getting price failed.
2023-06-11 14:40:19 Getting price failed.
2023-06-11 14:40:49 Getting price failed.
2023-06-11 14:41:20 Getting price failed.
2023-06-11 14:41:50 Getting price failed.
2023-06-11 14:42:21 Getting price failed.
2023-06-11 14:42:52 Getting price failed.
2023-06-11 14:43:23 Getting price failed.
2023-06-11 14:43:53 Getting price failed.
2023-06-11 14:44:24 Getting price failed.
2023-06-11 14:44:55 Getting price failed.
2023-06-11 14:45:27 Getting price failed.
2023-06-11 14:45:57 Getting price failed.
2023-06-11 14:46:28 Getting price failed.
2023-06-11 14:46:59 Getting price failed.
2023-06-11 14:47:31 Getting price failed.
2023-06-11 14:48:01 Getting price failed.
2023-06-11 14:48:32 Getting price failed.
2023-06-11 14:49:03 Getting price failed.
2023-06-11 14:49:34 Getting price failed.
2023-06-11 14:50:05 Getting price failed.
2023-06-11 14:50:37 Getting price failed.
2023-06-11 14:51:07 Getting price failed.
2023-06-11 14:51:39 Getting price failed.
2023-06-11 14:52:09 Getting price failed.
2023-06-11 14:52:40 Getting price failed.
2023-06-11 14:53:10 Getting price failed.
2023-06-11 14:53:41 Getting price failed.
2023-06-11 14:54:11 Getting price failed.
2023-06-11 14:54:43 Getting price failed.
2023-06-11 14:55:13 Getting price failed.
2023-06-11 14:55:45 Getting price failed.
2023-06-11 14:56:15 Getting price failed.
2023-06-11 14:56:47 Getting price failed.
2023-06-11 14:57:17 Getting price failed.
2023-06-11 14:57:48 Getting price failed.
2023-06-11 14:58:20 Getting price failed.
2023-06-11 14:58:50 Getting price failed.
2023-06-11 14:59:22 Getting price failed.
2023-06-11 14:59:52 Getting price failed.
2023-06-11 15:00:24 Updating Json file TodayAndDayforward.json successfull. File size 6192 bytes.
2023-06-11 15:00:24 Getting price failed.
2023-06-11 15:00:25 [price 999, rank 3] Stopped process hodlminer-avx2.exe
2023-06-11 15:00:56 Getting price failed.
2023-06-11 15:01:26 Getting price failed.
2023-06-11 15:01:57 Getting price failed.
2023-06-11 15:02:29 Getting price failed.
2023-06-11 15:02:59 Getting price failed.
2023-06-11 15:03:30 Getting price failed.
2023-06-11 15:04:01 Getting price failed.
2023-06-11 15:04:32 Getting price failed.
2023-06-11 15:05:03 Getting price failed.
2023-06-11 15:05:33 Getting price failed.
2023-06-11 15:06:04 Getting price failed.
2023-06-11 15:06:35 Getting price failed.
2023-06-11 15:07:06 Getting price failed.
2023-06-11 15:07:37 Getting price failed.
2023-06-11 15:08:08 Getting price failed.
2023-06-11 15:08:38 Getting price failed.
2023-06-11 15:09:09 Getting price failed.
2023-06-11 15:09:39 Getting price failed.
2023-06-11 15:10:10 Getting price failed.
2023-06-11 15:10:41 Getting price failed.
2023-06-11 15:11:11 Getting price failed.
2023-06-11 15:11:42 Getting price failed.
2023-06-11 15:12:13 Getting price failed.
2023-06-11 15:12:45 Getting price failed.
2023-06-11 15:13:15 Getting price failed.
2023-06-11 15:13:46 Getting price failed.
2023-06-11 15:14:16 Getting price failed.
2023-06-11 15:14:46 Getting price failed.
2023-06-11 15:15:17 Getting price failed.
2023-06-11 15:15:48 Getting price failed.
2023-06-11 15:16:19 Getting price failed.
2023-06-11 15:16:50 Getting price failed.
2023-06-11 15:17:20 Getting price failed.
2023-06-11 15:17:51 Getting price failed.
2023-06-11 15:18:22 Getting price failed.
2023-06-11 15:18:52 Getting price failed.
2023-06-11 15:19:23 Getting price failed.
2023-06-11 15:19:54 Getting price failed.
2023-06-11 15:20:24 Getting price failed.
2023-06-11 15:20:55 Getting price failed.
2023-06-11 15:21:26 Getting price failed.
2023-06-11 15:21:57 Getting price failed.
2023-06-11 15:22:27 Getting price failed.
2023-06-11 15:22:58 Getting price failed.
2023-06-11 15:23:28 Getting price failed.
2023-06-11 15:23:59 Getting price failed.
2023-06-11 15:24:29 Getting price failed.
2023-06-11 15:24:59 Getting price failed. Price is not positive number with four decimals.
2023-06-11 15:25:30 Getting price failed. Price is not positive number with four decimals.
2023-06-11 15:26:01 Getting price failed. Price is not positive number with four decimals.
2023-06-11 15:26:31 Getting price failed. Price is not positive number with four decimals.
2023-06-11 15:26:38 Starting price-scheduler.bat main loop.
2023-06-11 15:26:38 Price threshold is 0.0300 and rank threshold is 2.
2023-06-11 15:26:39 Updating Json file TodayAndDayforward.json successfull. File size 6192 bytes.
2023-06-11 15:26:39 Getting price failed. Price is not positive number with four decimals.
2023-06-11 15:27:11 Getting price failed. Price is not positive number with four decimals.
2023-06-11 15:27:41 Getting price failed. Price is not positive number with four decimals.
2023-06-11 15:28:12 Starting price-scheduler.bat main loop.
2023-06-11 15:28:13 Price threshold is 0.0300 and rank threshold is 2.
2023-06-11 15:28:13 Updating Json file TodayAndDayforward.json successfull. File size 6192 bytes.
2023-06-11 15:28:14 [price -0.0063, rank 3] Started program C:\Ohjelmatiedostot\Miners\hodlminer2018v3\POOL-run - Solo Mining 2nd address.bat
2023-06-11 16:00:04 Updating Json file TodayAndDayforward.json successfull. File size 6192 bytes.
2023-06-11 17:00:17 Updating Json file TodayAndDayforward.json successfull. File size 6192 bytes.
